<?xml version="1.0" encoding="UTF-8"?>
<!-- Generated by org.testng.reporters.JUnitXMLReporter -->
<testsuite hostname="Chaitu-PC" name="Test3" tests="5" failures="0" timestamp="10 Apr 2018 05:24:53 GMT" time="70.893" errors="0">
  <testcase name="tu_022" time="1.358" classname="testcases.Batch_2m.Org_Gen_Info"/>
  <testcase name="tu_023" time="1.62" classname="testcases.Batch_2m.Org_Gen_Info"/>
  <testcase name="tu_019" time="1.244" classname="testcases.Batch_2m.Employee_Class"/>
  <testcase name="tu_020" time="4.418" classname="testcases.Batch_2m.Employee_Class"/>
  <testcase name="tu_021" time="2.492" classname="testcases.Batch_2m.Employee_Class"/>
</testsuite> <!-- Test3 -->
