<?xml version="1.0" encoding="UTF-8"?>
<!-- Generated by org.testng.reporters.JUnitXMLReporter -->
<testsuite hostname="Chaitu-PC" name="Test2.1" tests="13" failures="0" timestamp="10 Apr 2018 05:22:16 GMT" time="82.63" errors="0">
  <testcase name="tu_010" time="2.309" classname="testcases.Batch_2m.Admin_job"/>
  <testcase name="tu_011" time="5.257" classname="testcases.Batch_2m.Admin_job"/>
  <testcase name="tu_012" time="1.716" classname="testcases.Batch_2m.Admin_job"/>
  <testcase name="tu_013" time="5.788" classname="testcases.Batch_2m.Admin_job"/>
  <testcase name="tu_014" time="2.652" classname="testcases.Batch_2m.Admin_PayGrades"/>
  <testcase name="tu_018" time="8.33" classname="testcases.Batch_2m.Admin_PayGrades"/>
  <testcase name="tu_015" time="1.888" classname="testcases.Batch_2m.Admin_PayGrades"/>
  <testcase name="tu_016" time="3.401" classname="testcases.Batch_2m.Admin_PayGrades"/>
  <testcase name="tu_016" time="3.495" classname="testcases.Batch_2m.Admin_PayGrades"/>
  <testcase name="tu_016" time="3.759" classname="testcases.Batch_2m.Admin_PayGrades"/>
  <testcase name="tu_016" time="4.165" classname="testcases.Batch_2m.Admin_PayGrades"/>
  <testcase name="tu_016" time="3.947" classname="testcases.Batch_2m.Admin_PayGrades"/>
  <testcase name="tu_017" time="5.803" classname="testcases.Batch_2m.Admin_PayGrades"/>
</testsuite> <!-- Test2.1 -->
