<?xml version="1.0" encoding="UTF-8"?>
<!-- Generated by org.testng.reporters.JUnitXMLReporter -->
<testsuite hostname="Chaitu-PC" name="Test1.1" tests="12" failures="0" timestamp="10 Apr 2018 05:17:12 GMT" time="137.482" errors="0">
  <testcase name="tu_001" time="8.926" classname="testcases.Batch_2m.Login"/>
  <testcase name="tu_003" time="16.494" classname="testcases.Batch_2m.Login"/>
  <testcase name="tu_004" time="13.286" classname="testcases.Batch_2m.Login"/>
  <testcase name="tu_004" time="10.444" classname="testcases.Batch_2m.Login"/>
  <testcase name="tu_004" time="12.678" classname="testcases.Batch_2m.Login"/>
  <testcase name="tu_004" time="13.656" classname="testcases.Batch_2m.Login"/>
  <testcase name="tu_002" time="10.466" classname="testcases.Batch_2m.Login"/>
  <testcase name="tu_005" time="0.843" classname="testcases.Batch_2m.Admin"/>
  <testcase name="tu_009" time="1.014" classname="testcases.Batch_2m.Admin"/>
  <testcase name="tu_006" time="1.17" classname="testcases.Batch_2m.Admin"/>
  <testcase name="tu_007" time="3.494" classname="testcases.Batch_2m.Admin"/>
  <testcase name="tu_008" time="11.045" classname="testcases.Batch_2m.Admin"/>
</testsuite> <!-- Test1.1 -->
