<?xml version="1.0" encoding="UTF-8"?>
<!-- Generated by org.testng.reporters.JUnitXMLReporter -->
<testsuite hostname="Chaitu-PC" name="Test2" tests="13" failures="0" timestamp="10 Apr 2018 05:20:54 GMT" time="56.063" errors="0">
  <testcase name="tu_014" time="1.611" classname="testcases.Batch_2m.Admin_PayGrades"/>
  <testcase name="tu_018" time="2.698" classname="testcases.Batch_2m.Admin_PayGrades"/>
  <testcase name="tu_015" time="3.166" classname="testcases.Batch_2m.Admin_PayGrades"/>
  <testcase name="tu_016" time="4.082" classname="testcases.Batch_2m.Admin_PayGrades"/>
  <testcase name="tu_010" time="1.291" classname="testcases.Batch_2m.Admin_job"/>
  <testcase name="tu_016" time="3.572" classname="testcases.Batch_2m.Admin_PayGrades"/>
  <testcase name="tu_011" time="5.76" classname="testcases.Batch_2m.Admin_job"/>
  <testcase name="tu_016" time="3.547" classname="testcases.Batch_2m.Admin_PayGrades"/>
  <testcase name="tu_012" time="1.75" classname="testcases.Batch_2m.Admin_job"/>
  <testcase name="tu_016" time="3.667" classname="testcases.Batch_2m.Admin_PayGrades"/>
  <testcase name="tu_013" time="2.346" classname="testcases.Batch_2m.Admin_job"/>
  <testcase name="tu_016" time="3.558" classname="testcases.Batch_2m.Admin_PayGrades"/>
  <testcase name="tu_017" time="5.894" classname="testcases.Batch_2m.Admin_PayGrades"/>
</testsuite> <!-- Test2 -->
