<?xml version="1.0" encoding="UTF-8"?>
<!-- Generated by org.testng.reporters.JUnitXMLReporter -->
<testsuite hostname="Chaitu-PC" name="Test3.1" tests="5" failures="0" timestamp="10 Apr 2018 05:23:42 GMT" time="86.261" errors="0">
  <testcase name="tu_019" time="4.727" classname="testcases.Batch_2m.Employee_Class"/>
  <testcase name="tu_020" time="4.493" classname="testcases.Batch_2m.Employee_Class"/>
  <testcase name="tu_021" time="14.383" classname="testcases.Batch_2m.Employee_Class"/>
  <testcase name="tu_022" time="2.542" classname="testcases.Batch_2m.Org_Gen_Info"/>
  <testcase name="tu_023" time="2.278" classname="testcases.Batch_2m.Org_Gen_Info"/>
</testsuite> <!-- Test3.1 -->
