<?xml version="1.0" encoding="UTF-8"?>
<!-- Generated by org.testng.reporters.JUnitXMLReporter -->
<testsuite hostname="Chaitu-PC" name="Test1" tests="12" failures="0" timestamp="10 Apr 2018 05:19:57 GMT" time="165.314" errors="0">
  <testcase name="tu_001" time="30.534" classname="testcases.Batch_2m.Login"/>
  <testcase name="tu_005" time="1.006" classname="testcases.Batch_2m.Admin"/>
  <testcase name="tu_009" time="43.423" classname="testcases.Batch_2m.Admin"/>
  <testcase name="tu_006" time="1.74" classname="testcases.Batch_2m.Admin"/>
  <testcase name="tu_007" time="3.43" classname="testcases.Batch_2m.Admin"/>
  <testcase name="tu_008" time="4.42" classname="testcases.Batch_2m.Admin"/>
  <testcase name="tu_003" time="68.42" classname="testcases.Batch_2m.Login"/>
  <testcase name="tu_004" time="12.768" classname="testcases.Batch_2m.Login"/>
  <testcase name="tu_004" time="16.992" classname="testcases.Batch_2m.Login"/>
  <testcase name="tu_004" time="18.227" classname="testcases.Batch_2m.Login"/>
  <testcase name="tu_004" time="9.421" classname="testcases.Batch_2m.Login"/>
  <testcase name="tu_002" time="8.686" classname="testcases.Batch_2m.Login"/>
</testsuite> <!-- Test1 -->
