<?xml version="1.0" encoding="UTF-8"?>
<!-- Generated by org.testng.reporters.JUnitXMLReporter -->
<testsuite hostname="Chaitu-PC" name="Test4" tests="9" failures="0" timestamp="2 Feb 2018 03:02:23 GMT" time="111.11" errors="0">
  <testcase name="tu_014" time="1.929" classname="testcases.Batch_2m.Admin_PayGrades"/>
  <testcase name="tu_018" time="3.436" classname="testcases.Batch_2m.Admin_PayGrades"/>
  <testcase name="tu_015" time="3.447" classname="testcases.Batch_2m.Admin_PayGrades"/>
  <testcase name="tu_016" time="9.297" classname="testcases.Batch_2m.Admin_PayGrades"/>
  <testcase name="tu_016" time="9.87" classname="testcases.Batch_2m.Admin_PayGrades"/>
  <testcase name="tu_016" time="10.377" classname="testcases.Batch_2m.Admin_PayGrades"/>
  <testcase name="tu_016" time="9.498" classname="testcases.Batch_2m.Admin_PayGrades"/>
  <testcase name="tu_016" time="9.929" classname="testcases.Batch_2m.Admin_PayGrades"/>
  <testcase name="tu_017" time="24.606" classname="testcases.Batch_2m.Admin_PayGrades"/>
</testsuite> <!-- Test4 -->
