<?xml version="1.0" encoding="UTF-8"?>
<!-- Generated by org.testng.reporters.JUnitXMLReporter -->
<testsuite hostname="Chaitu-PC" name="Test1.1" tests="12" failures="1" timestamp="22 Feb 2018 13:32:15 GMT" time="190.728" errors="0">
  <testcase name="tu_001" time="20.004" classname="testcases.Batch_2m.Login"/>
  <testcase name="tu_003" time="20.632" classname="testcases.Batch_2m.Login"/>
  <testcase name="tu_004" time="20.486" classname="testcases.Batch_2m.Login"/>
  <testcase name="tu_004" time="17.627" classname="testcases.Batch_2m.Login"/>
  <testcase name="tu_004" time="18.568" classname="testcases.Batch_2m.Login"/>
  <testcase name="tu_004" time="17.512" classname="testcases.Batch_2m.Login"/>
  <testcase name="tu_002" time="17.643" classname="testcases.Batch_2m.Login">
    <failure type="java.lang.AssertionError" message="expected [true] but found [false]">
      <![CDATA[java.lang.AssertionError: expected [true] but found [false]
	at testcases.Batch_2m.Login.tu_002(Login.java:104)
... Removed 28 stack frames]]>
    </failure>
  </testcase> <!-- tu_002 -->
  <testcase name="tu_005" time="3.432" classname="testcases.Batch_2m.Admin"/>
  <testcase name="tu_009" time="1.669" classname="testcases.Batch_2m.Admin"/>
  <testcase name="tu_006" time="1.653" classname="testcases.Batch_2m.Admin"/>
  <testcase name="tu_007" time="19.313" classname="testcases.Batch_2m.Admin"/>
  <testcase name="tu_008" time="8.223" classname="testcases.Batch_2m.Admin"/>
</testsuite> <!-- Test1.1 -->
