<?xml version="1.0" encoding="UTF-8"?>
<!-- Generated by org.testng.reporters.JUnitXMLReporter -->
<testsuite hostname="Chaitu-PC" name="Test2" tests="13" failures="0" timestamp="22 Feb 2018 13:40:37 GMT" time="148.465" errors="0">
  <testcase name="tu_010" time="1.476" classname="testcases.Batch_2m.Admin_job"/>
  <testcase name="tu_011" time="7.741" classname="testcases.Batch_2m.Admin_job"/>
  <testcase name="tu_012" time="2.461" classname="testcases.Batch_2m.Admin_job"/>
  <testcase name="tu_013" time="2.988" classname="testcases.Batch_2m.Admin_job"/>
  <testcase name="tu_014" time="1.614" classname="testcases.Batch_2m.Admin_PayGrades"/>
  <testcase name="tu_018" time="3.194" classname="testcases.Batch_2m.Admin_PayGrades"/>
  <testcase name="tu_015" time="2.634" classname="testcases.Batch_2m.Admin_PayGrades"/>
  <testcase name="tu_016" time="5.137" classname="testcases.Batch_2m.Admin_PayGrades"/>
  <testcase name="tu_016" time="5.354" classname="testcases.Batch_2m.Admin_PayGrades"/>
  <testcase name="tu_016" time="4.558" classname="testcases.Batch_2m.Admin_PayGrades"/>
  <testcase name="tu_016" time="5.368" classname="testcases.Batch_2m.Admin_PayGrades"/>
  <testcase name="tu_016" time="5.797" classname="testcases.Batch_2m.Admin_PayGrades"/>
  <testcase name="tu_017" time="8.028" classname="testcases.Batch_2m.Admin_PayGrades"/>
</testsuite> <!-- Test2 -->
