<?xml version="1.0" encoding="UTF-8"?>
<!-- Generated by org.testng.reporters.JUnitXMLReporter -->
<testsuite hostname="Chaitu-PC" name="Test4.1" tests="9" failures="0" timestamp="2 Feb 2018 03:04:31 GMT" time="128.351" errors="0">
  <testcase name="tu_014" time="4.321" classname="testcases.Batch_2m.Admin_PayGrades"/>
  <testcase name="tu_018" time="14.383" classname="testcases.Batch_2m.Admin_PayGrades"/>
  <testcase name="tu_015" time="4.417" classname="testcases.Batch_2m.Admin_PayGrades"/>
  <testcase name="tu_016" time="11.544" classname="testcases.Batch_2m.Admin_PayGrades"/>
  <testcase name="tu_016" time="11.606" classname="testcases.Batch_2m.Admin_PayGrades"/>
  <testcase name="tu_016" time="7.987" classname="testcases.Batch_2m.Admin_PayGrades"/>
  <testcase name="tu_016" time="8.083" classname="testcases.Batch_2m.Admin_PayGrades"/>
  <testcase name="tu_016" time="8.611" classname="testcases.Batch_2m.Admin_PayGrades"/>
  <testcase name="tu_017" time="13.603" classname="testcases.Batch_2m.Admin_PayGrades"/>
</testsuite> <!-- Test4.1 -->
