<?xml version="1.0" encoding="UTF-8"?>
<!-- Generated by org.testng.reporters.JUnitXMLReporter -->
<testsuite hostname="Chaitu-PC" name="Test2.1" tests="13" failures="0" timestamp="22 Feb 2018 13:42:18 GMT" time="100.598" errors="0">
  <testcase name="tu_010" time="2.606" classname="testcases.Batch_2m.Admin_job"/>
  <testcase name="tu_011" time="6.583" classname="testcases.Batch_2m.Admin_job"/>
  <testcase name="tu_012" time="2.763" classname="testcases.Batch_2m.Admin_job"/>
  <testcase name="tu_013" time="5.897" classname="testcases.Batch_2m.Admin_job"/>
  <testcase name="tu_014" time="2.652" classname="testcases.Batch_2m.Admin_PayGrades"/>
  <testcase name="tu_018" time="5.756" classname="testcases.Batch_2m.Admin_PayGrades"/>
  <testcase name="tu_015" time="2.715" classname="testcases.Batch_2m.Admin_PayGrades"/>
  <testcase name="tu_016" time="4.79" classname="testcases.Batch_2m.Admin_PayGrades"/>
  <testcase name="tu_016" time="5.023" classname="testcases.Batch_2m.Admin_PayGrades"/>
  <testcase name="tu_016" time="4.758" classname="testcases.Batch_2m.Admin_PayGrades"/>
  <testcase name="tu_016" time="5.367" classname="testcases.Batch_2m.Admin_PayGrades"/>
  <testcase name="tu_016" time="5.165" classname="testcases.Batch_2m.Admin_PayGrades"/>
  <testcase name="tu_017" time="7.708" classname="testcases.Batch_2m.Admin_PayGrades"/>
</testsuite> <!-- Test2.1 -->
