<?xml version="1.0" encoding="UTF-8"?>
<!-- Generated by org.testng.reporters.JUnitXMLReporter -->
<testsuite hostname="Chaitu-PC" name="Test1" tests="12" failures="1" timestamp="22 Feb 2018 13:38:09 GMT" time="353.649" errors="0">
  <testcase name="tu_001" time="39.578" classname="testcases.Batch_2m.Login"/>
  <testcase name="tu_003" time="43.876" classname="testcases.Batch_2m.Login"/>
  <testcase name="tu_004" time="40.086" classname="testcases.Batch_2m.Login"/>
  <testcase name="tu_004" time="38.383" classname="testcases.Batch_2m.Login"/>
  <testcase name="tu_004" time="42.376" classname="testcases.Batch_2m.Login"/>
  <testcase name="tu_004" time="39.793" classname="testcases.Batch_2m.Login"/>
  <testcase name="tu_002" time="37.818" classname="testcases.Batch_2m.Login">
    <failure type="java.lang.AssertionError" message="expected [true] but found [false]">
      <![CDATA[java.lang.AssertionError: expected [true] but found [false]
	at testcases.Batch_2m.Login.tu_002(Login.java:104)
... Removed 28 stack frames]]>
    </failure>
  </testcase> <!-- tu_002 -->
  <testcase name="tu_005" time="1.276" classname="testcases.Batch_2m.Admin"/>
  <testcase name="tu_009" time="2.249" classname="testcases.Batch_2m.Admin"/>
  <testcase name="tu_006" time="1.615" classname="testcases.Batch_2m.Admin"/>
  <testcase name="tu_007" time="11.501" classname="testcases.Batch_2m.Admin"/>
  <testcase name="tu_008" time="4.646" classname="testcases.Batch_2m.Admin"/>
</testsuite> <!-- Test1 -->
