<?xml version="1.0" encoding="UTF-8"?>
<!-- Generated by org.testng.reporters.JUnitXMLReporter -->
<testsuite hostname="Chaitu-PC" name="Test3" tests="5" failures="0" timestamp="22 Feb 2018 13:45:06 GMT" time="106.47" errors="0">
  <testcase name="tu_019" time="1.573" classname="testcases.Batch_2m.Employee_Class"/>
  <testcase name="tu_020" time="6.407" classname="testcases.Batch_2m.Employee_Class"/>
  <testcase name="tu_021" time="4.499" classname="testcases.Batch_2m.Employee_Class"/>
  <testcase name="tu_022" time="1.503" classname="testcases.Batch_2m.Org_Gen_Info"/>
  <testcase name="tu_023" time="3.555" classname="testcases.Batch_2m.Org_Gen_Info"/>
</testsuite> <!-- Test3 -->
