<?xml version="1.0" encoding="UTF-8"?>
<testsuite name="TestSuite" time="199.417" tests="72" errors="0" skipped="0" failures="2">
  <properties>
[...]
</properties>
  <testcase name="tu_001" classname="testcases.Batch_2m.Login" time="8.942"/>
  <testcase name="tu_001" classname="testcases.Batch_2m.Login" time="30.534"/>
  <testcase name="tu_003" classname="testcases.Batch_2m.Login" time="16.494"/>
  <testcase name="tu_003" classname="testcases.Batch_2m.Login" time="6.122"/>
  <testcase name="tu_004" classname="testcases.Batch_2m.Login" time="13.286"/>
  <testcase name="tu_004" classname="testcases.Batch_2m.Login" time="10.444"/>
  <testcase name="tu_004" classname="testcases.Batch_2m.Login" time="12.678"/>
  <testcase name="tu_004" classname="testcases.Batch_2m.Login" time="13.656"/>
  <testcase name="tu_004" classname="testcases.Batch_2m.Login" time="12.768"/>
  <testcase name="tu_004" classname="testcases.Batch_2m.Login" time="16.992"/>
  <testcase name="tu_004" classname="testcases.Batch_2m.Login" time="18.227"/>
  <testcase name="tu_004" classname="testcases.Batch_2m.Login" time="9.421"/>
  <testcase name="tu_002" classname="testcases.Batch_2m.Login" time="10.466"/>
  <testcase name="tu_002" classname="testcases.Batch_2m.Login" time="8.686"/>
  <testcase name="tu_005" classname="testcases.Batch_2m.Admin" time="0.827"/>
  <testcase name="tu_005" classname="testcases.Batch_2m.Admin" time="1.007"/>
  <testcase name="tu_009" classname="testcases.Batch_2m.Admin" time="1.014"/>
  <testcase name="tu_009" classname="testcases.Batch_2m.Admin" time="43.422"/>
  <testcase name="tu_006" classname="testcases.Batch_2m.Admin" time="1.17"/>
  <testcase name="tu_006" classname="testcases.Batch_2m.Admin" time="1.74"/>
  <testcase name="tu_007" classname="testcases.Batch_2m.Admin" time="3.494"/>
  <testcase name="tu_007" classname="testcases.Batch_2m.Admin" time="3.43"/>
  <testcase name="tu_008" classname="testcases.Batch_2m.Admin" time="11.045"/>
  <testcase name="tu_008" classname="testcases.Batch_2m.Admin" time="4.42"/>
  <testcase name="tu_014" classname="testcases.Batch_2m.Admin_PayGrades" time="1.611"/>
  <testcase name="tu_014" classname="testcases.Batch_2m.Admin_PayGrades" time="2.652"/>
  <testcase name="tu_018" classname="testcases.Batch_2m.Admin_PayGrades" time="2.698"/>
  <testcase name="tu_018" classname="testcases.Batch_2m.Admin_PayGrades" time="8.33"/>
  <testcase name="tu_015" classname="testcases.Batch_2m.Admin_PayGrades" time="3.168"/>
  <testcase name="tu_015" classname="testcases.Batch_2m.Admin_PayGrades" time="1.888"/>
  <testcase name="tu_016" classname="testcases.Batch_2m.Admin_PayGrades" time="0.14"/>
  <testcase name="tu_016" classname="testcases.Batch_2m.Admin_PayGrades" time="2.422"/>
  <testcase name="tu_016" classname="testcases.Batch_2m.Admin_PayGrades" time="0.206"/>
  <testcase name="tu_016" classname="testcases.Batch_2m.Admin_PayGrades" time="2.121"/>
  <testcase name="tu_016" classname="testcases.Batch_2m.Admin_PayGrades" time="3.558"/>
  <testcase name="tu_016" classname="testcases.Batch_2m.Admin_PayGrades" time="3.401"/>
  <testcase name="tu_016" classname="testcases.Batch_2m.Admin_PayGrades" time="3.495"/>
  <testcase name="tu_016" classname="testcases.Batch_2m.Admin_PayGrades" time="3.759"/>
  <testcase name="tu_016" classname="testcases.Batch_2m.Admin_PayGrades" time="4.165"/>
  <testcase name="tu_016" classname="testcases.Batch_2m.Admin_PayGrades" time="3.947"/>
  <testcase name="tu_010" classname="testcases.Batch_2m.Admin_job" time="1.15"/>
  <testcase name="tu_010" classname="testcases.Batch_2m.Admin_job" time="2.309"/>
  <testcase name="tu_011" classname="testcases.Batch_2m.Admin_job" time="3.338"/>
  <testcase name="tu_011" classname="testcases.Batch_2m.Admin_job" time="5.257"/>
  <testcase name="tu_012" classname="testcases.Batch_2m.Admin_job" time="1.544"/>
  <testcase name="tu_012" classname="testcases.Batch_2m.Admin_job" time="1.716"/>
  <testcase name="tu_013" classname="testcases.Batch_2m.Admin_job" time="0.223"/>
  <testcase name="tu_013" classname="testcases.Batch_2m.Admin_job" time="5.788"/>
  <testcase name="tu_017" classname="testcases.Batch_2m.Admin_PayGrades" time="5.894"/>
  <testcase name="tu_017" classname="testcases.Batch_2m.Admin_PayGrades" time="5.803"/>
  <testcase name="tu_019" classname="testcases.Batch_2m.Employee_Class" time="4.727"/>
  <testcase name="tu_019" classname="testcases.Batch_2m.Employee_Class" time="1.244"/>
  <testcase name="tu_020" classname="testcases.Batch_2m.Employee_Class" time="4.493"/>
  <testcase name="tu_020" classname="testcases.Batch_2m.Employee_Class" time="4.418"/>
  <testcase name="tu_021" classname="testcases.Batch_2m.Employee_Class" time="14.383"/>
  <testcase name="tu_021" classname="testcases.Batch_2m.Employee_Class" time="2.492"/>
  <testcase name="tu_022" classname="testcases.Batch_2m.Org_Gen_Info" time="2.542"/>
  <testcase name="tu_022" classname="testcases.Batch_2m.Org_Gen_Info" time="1.358"/>
  <testcase name="tu_023" classname="testcases.Batch_2m.Org_Gen_Info" time="2.278"/>
  <testcase name="tu_023" classname="testcases.Batch_2m.Org_Gen_Info" time="1.621"/>
  <testcase name="tu_024" classname="testcases.Batch_2m.Org_struct" time="52.681"/>
  <testcase name="tu_024" classname="testcases.Batch_2m.Org_struct" time="5.663"/>
  <testcase name="tu_025" classname="testcases.Batch_2m.Org_struct" time="12.293"/>
  <testcase name="tu_025" classname="testcases.Batch_2m.Org_struct" time="8.236"/>
  <testcase name="tu_026" classname="testcases.Batch_2m.Org_struct" time="8.518">
    <failure message="Element is not clickable at point (76, 396). Other element would receive the click: &lt;div class=&quot;modal-backdrop  in&quot;&gt;&lt;/div&gt;&#10;Command duration or timeout: 8.49 seconds&#10;Build info: version: &apos;2.53.0&apos;, revision: &apos;35ae25b1534ae328c771e0856c93e187490ca824&apos;, time: &apos;2016-03-15 10:43:46&apos;&#10;System info: host: &apos;Chaitu-PC&apos;, ip: &apos;192.168.43.149&apos;, os.name: &apos;Windows 7&apos;, os.arch: &apos;amd64&apos;, os.version: &apos;6.1&apos;, java.version: &apos;1.8.0_121&apos;&#10;Driver info: org.openqa.selenium.firefox.FirefoxDriver&#10;Capabilities [{applicationCacheEnabled=true, rotatable=false, handlesAlerts=true, databaseEnabled=true, version=40.0, platform=WINDOWS, nativeEvents=false, acceptSslCerts=true, webStorageEnabled=true, locationContextEnabled=true, browserName=firefox, takesScreenshot=true, javascriptEnabled=true, cssSelectorsEnabled=true}]&#10;Session ID: 26af5d33-86d5-41d7-8396-18de08f80611" type="org.openqa.selenium.WebDriverException"><![CDATA[org.openqa.selenium.WebDriverException: Element is not clickable at point (76, 396). Other element would receive the click: <div class="modal-backdrop  in"></div>
Command duration or timeout: 8.49 seconds
Build info: version: '2.53.0', revision: '35ae25b1534ae328c771e0856c93e187490ca824', time: '2016-03-15 10:43:46'
System info: host: 'Chaitu-PC', ip: '192.168.43.149', os.name: 'Windows 7', os.arch: 'amd64', os.version: '6.1', java.version: '1.8.0_121'
Driver info: org.openqa.selenium.firefox.FirefoxDriver
Capabilities [{applicationCacheEnabled=true, rotatable=false, handlesAlerts=true, databaseEnabled=true, version=40.0, platform=WINDOWS, nativeEvents=false, acceptSslCerts=true, webStorageEnabled=true, locationContextEnabled=true, browserName=firefox, takesScreenshot=true, javascriptEnabled=true, cssSelectorsEnabled=true}]
Session ID: 26af5d33-86d5-41d7-8396-18de08f80611
	at sun.reflect.NativeConstructorAccessorImpl.newInstance0(Native Method)
	at sun.reflect.NativeConstructorAccessorImpl.newInstance(NativeConstructorAccessorImpl.java:62)
	at sun.reflect.DelegatingConstructorAccessorImpl.newInstance(DelegatingConstructorAccessorImpl.java:45)
	at java.lang.reflect.Constructor.newInstance(Constructor.java:423)
	at org.openqa.selenium.remote.ErrorHandler.createThrowable(ErrorHandler.java:206)
	at org.openqa.selenium.remote.ErrorHandler.throwIfResponseFailed(ErrorHandler.java:158)
	at org.openqa.selenium.remote.RemoteWebDriver.execute(RemoteWebDriver.java:678)
	at org.openqa.selenium.remote.RemoteWebElement.execute(RemoteWebElement.java:327)
	at org.openqa.selenium.remote.RemoteWebElement.click(RemoteWebElement.java:85)
	at testcases.Batch_2m.Org_struct.tu_026(Org_struct.java:117)
]]></failure>
  </testcase>
  <testcase name="tu_026" classname="testcases.Batch_2m.Org_struct" time="0.606">
    <failure message="element not visible&#10;  (Session info: chrome=65.0.3325.181)&#10;  (Driver info: chromedriver=2.35.528161 (5b82f2d2aae0ca24b877009200ced9065a772e73),platform=Windows NT 6.1.7601 SP1 x86_64) (WARNING: The server did not provide any stacktrace information)&#10;Command duration or timeout: 31 milliseconds&#10;Build info: version: &apos;2.53.0&apos;, revision: &apos;35ae25b1534ae328c771e0856c93e187490ca824&apos;, time: &apos;2016-03-15 10:43:46&apos;&#10;System info: host: &apos;Chaitu-PC&apos;, ip: &apos;192.168.43.149&apos;, os.name: &apos;Windows 7&apos;, os.arch: &apos;amd64&apos;, os.version: &apos;6.1&apos;, java.version: &apos;1.8.0_121&apos;&#10;Driver info: org.openqa.selenium.chrome.ChromeDriver&#10;Capabilities [{applicationCacheEnabled=false, rotatable=false, mobileEmulationEnabled=false, networkConnectionEnabled=false, chrome={chromedriverVersion=2.35.528161 (5b82f2d2aae0ca24b877009200ced9065a772e73), userDataDir=C:\Users\Chaitu\AppData\Local\Temp\scoped_dir3316_8518}, takesHeapSnapshot=true, pageLoadStrategy=normal, databaseEnabled=false, handlesAlerts=true, hasTouchScreen=false, version=65.0.3325.181, platform=XP, browserConnectionEnabled=false, nativeEvents=true, acceptSslCerts=false, acceptInsecureCerts=false, locationContextEnabled=true, webStorageEnabled=true, browserName=chrome, takesScreenshot=true, javascriptEnabled=true, cssSelectorsEnabled=true, setWindowRect=true, unexpectedAlertBehaviour=}]&#10;Session ID: fd77c99ddcf3fa0cd10c9d02dad07e48" type="org.openqa.selenium.ElementNotVisibleException">org.openqa.selenium.ElementNotVisibleException: element not visible
  (Session info: chrome=65.0.3325.181)
  (Driver info: chromedriver=2.35.528161 (5b82f2d2aae0ca24b877009200ced9065a772e73),platform=Windows NT 6.1.7601 SP1 x86_64) (WARNING: The server did not provide any stacktrace information)
Command duration or timeout: 31 milliseconds
Build info: version: '2.53.0', revision: '35ae25b1534ae328c771e0856c93e187490ca824', time: '2016-03-15 10:43:46'
System info: host: 'Chaitu-PC', ip: '192.168.43.149', os.name: 'Windows 7', os.arch: 'amd64', os.version: '6.1', java.version: '1.8.0_121'
Driver info: org.openqa.selenium.chrome.ChromeDriver
Capabilities [{applicationCacheEnabled=false, rotatable=false, mobileEmulationEnabled=false, networkConnectionEnabled=false, chrome={chromedriverVersion=2.35.528161 (5b82f2d2aae0ca24b877009200ced9065a772e73), userDataDir=C:\Users\Chaitu\AppData\Local\Temp\scoped_dir3316_8518}, takesHeapSnapshot=true, pageLoadStrategy=normal, databaseEnabled=false, handlesAlerts=true, hasTouchScreen=false, version=65.0.3325.181, platform=XP, browserConnectionEnabled=false, nativeEvents=true, acceptSslCerts=false, acceptInsecureCerts=false, locationContextEnabled=true, webStorageEnabled=true, browserName=chrome, takesScreenshot=true, javascriptEnabled=true, cssSelectorsEnabled=true, setWindowRect=true, unexpectedAlertBehaviour=}]
Session ID: fd77c99ddcf3fa0cd10c9d02dad07e48
	at sun.reflect.NativeConstructorAccessorImpl.newInstance0(Native Method)
	at sun.reflect.NativeConstructorAccessorImpl.newInstance(NativeConstructorAccessorImpl.java:62)
	at sun.reflect.DelegatingConstructorAccessorImpl.newInstance(DelegatingConstructorAccessorImpl.java:45)
	at java.lang.reflect.Constructor.newInstance(Constructor.java:423)
	at org.openqa.selenium.remote.ErrorHandler.createThrowable(ErrorHandler.java:206)
	at org.openqa.selenium.remote.ErrorHandler.throwIfResponseFailed(ErrorHandler.java:158)
	at org.openqa.selenium.remote.RemoteWebDriver.execute(RemoteWebDriver.java:678)
	at org.openqa.selenium.remote.RemoteWebElement.execute(RemoteWebElement.java:327)
	at org.openqa.selenium.remote.RemoteWebElement.click(RemoteWebElement.java:85)
	at testcases.Batch_2m.Org_struct.tu_026(Org_struct.java:133)
</failure>
  </testcase>
  <testcase name="tu_027" classname="testcases.Batch_2m.Nationality" time="2.277"/>
  <testcase name="tu_027" classname="testcases.Batch_2m.Nationality" time="1.411"/>
  <testcase name="tu_028" classname="testcases.Batch_2m.Nationality" time="4.244"/>
  <testcase name="tu_028" classname="testcases.Batch_2m.Nationality" time="4.53"/>
  <testcase name="tu_029" classname="testcases.Batch_2m.Nationality" time="4.477"/>
  <testcase name="tu_029" classname="testcases.Batch_2m.Nationality" time="3.92"/>
</testsuite>